<NeoPlmProcessOrder xmlns:ns="http://www.mesa.org/xml/B2MML-V0600" xmlns:xs="http://www.w3.org/2001/XMLSchema" xmlns:local="urn:local">
  <SourceSystemID>SAPP01</SourceSystemID>
  <TransactionDateTime>2022-04-08T04:39:11Z</TransactionDateTime>
  <TransactionID>0000001165580474</TransactionID>
  <DestinationSystemID>SAP_PI</DestinationSystemID>
  <Order>
    <OrderNumber>GC6886</OrderNumber>
    <PlantID>IE14</PlantID>
    <MaterialNumber>H000026494</MaterialNumber>
    <SiteFacilityUID />
    <ERPPlantCodeUID />
    <LocalMaterialSpecificationUID />
    <MaterialLotUID />
    <OrderType>ZPI3</OrderType>
    <ProductionVersion>C001</ProductionVersion>
    <Batch>FX5779</Batch>
    <PlannedQuantity>545.710</PlannedQuantity>
    <PlannedQuantityUOM>KG</PlannedQuantityUOM>
    <ERPStartDate>20220409</ERPStartDate>
    <ERPStartTime>000000</ERPStartTime>
    <ERPEndDate>20220412</ERPEndDate>
    <ERPEndTime>095123</ERPEndTime>
    <OrderOperations>
      <OrderOperation>
        <OperationNumber>0010</OperationNumber>
        <ParentOperationNumber></ParentOperationNumber>
        <ControlKey>PI01</ControlKey>
        <SelectedResource>PK_2441</SelectedResource>
        <AccountingQuantity>545.710</AccountingQuantity>
        <AccountingQuantityUOM>KG</AccountingQuantityUOM>
        <ScheduledOrderStepStartDate>20220409</ScheduledOrderStepStartDate>
        <ScheduledOrderStepStartTime>000000</ScheduledOrderStepStartTime>
        <ScheduledOrderStepFinishDate>20220412</ScheduledOrderStepFinishDate>
        <ScheduledOrderStepFinishTime>095123</ScheduledOrderStepFinishTime>
        <OperationDescription>sieve</OperationDescription>
        <BillOfMaterialItems>
          <BillOfMaterialItem>
            <BOMItemNumber></BOMItemNumber>
            <MaterialNumber></MaterialNumber>
            <Quantity></Quantity>
            <QuantityUOM></QuantityUOM>
            <ReservationNumber></ReservationNumber>
            <ReservationLine></ReservationLine>
            <AlternateItemGroup></AlternateItemGroup>
            <AllocatedBatch></AllocatedBatch>
            <PhantomFlag></PhantomFlag>
          </BillOfMaterialItem>
        </BillOfMaterialItems>
      </OrderOperation>
      <OrderOperation>
        <OperationNumber>0020</OperationNumber>
        <ParentOperationNumber>0010</ParentOperationNumber>
        <ControlKey>ZZ06</ControlKey>
        <SelectedResource>PK_2441</SelectedResource>
        <AccountingQuantity>545.710</AccountingQuantity>
        <AccountingQuantityUOM>KG</AccountingQuantityUOM>
        <ScheduledOrderStepStartDate>20220409</ScheduledOrderStepStartDate>
        <ScheduledOrderStepStartTime>000000</ScheduledOrderStepStartTime>
        <ScheduledOrderStepFinishDate>20220412</ScheduledOrderStepFinishDate>
        <ScheduledOrderStepFinishTime>095123</ScheduledOrderStepFinishTime>
        <OperationDescription>sieve</OperationDescription>
        <BillOfMaterialItems>
          <BillOfMaterialItem>
            <BOMItemNumber>8001</BOMItemNumber>
            <MaterialNumber>H000026494</MaterialNumber>
            <Quantity>0.000</Quantity>
            <QuantityUOM>KG</QuantityUOM>
            <ReservationNumber>0467737424</ReservationNumber>
            <ReservationLine>0001</ReservationLine>
            <AlternateItemGroup></AlternateItemGroup>
            <AllocatedBatch></AllocatedBatch>
            <PhantomFlag></PhantomFlag>
          </BillOfMaterialItem>
          <BillOfMaterialItem>
            <BOMItemNumber>8001</BOMItemNumber>
            <MaterialNumber>H000026494</MaterialNumber>
            <Quantity>0.000</Quantity>
            <QuantityUOM>KG</QuantityUOM>
            <ReservationNumber>0467737424</ReservationNumber>
            <ReservationLine>0001</ReservationLine>
            <AlternateItemGroup></AlternateItemGroup>
            <AllocatedBatch></AllocatedBatch>
            <PhantomFlag></PhantomFlag>
          </BillOfMaterialItem>
        </BillOfMaterialItems>
      </OrderOperation>
    </OrderOperations>
  </Order>
</NeoPlmProcessOrder>