<ZPROCMES xmlns:ns="http://www.mesa.org/xml/B2MML-V0600" xmlns:xs="http://www.w3.org/2001/XMLSchema" xmlns:local="urn:local">
  <IDOC BEGIN="1">
    <EDI_DC40 SEGMENT="1">
      <TABNAM>EDI_DC40</TABNAM>
      <MANDT>400</MANDT>
      <DIRECT>2</DIRECT>
      <IDOCTYP>ZPROCMES</IDOCTYP>
      <MESTYP>ZPROCMES</MESTYP>
      <SNDPOR>SAP_PI</SNDPOR>
      <SNDPRT>LS</SNDPRT>
      <SNDPRN>IE14_MES</SNDPRN>
      <RCVPOR>SAPP01</RCVPOR>
      <RCVPRT>LS</RCVPRT>
      <RCVPRN>ALE400</RCVPRN>
      <CREDAT>01010001</CREDAT>
      <CRETIM>010101</CRETIM>
    </EDI_DC40>
    <ZRCOMHAPI SEGMENT="1">
      <PROC_MESS_ID_TMP>OSC1</PROC_MESS_ID_TMP>
      <PLANT>ce01581f-47bc-452e-8e2b-3c18b229cbee</PLANT>
      <ZRCOMEAPI SEGMENT="1">
        <PROC_MESS_ID_TMP>OSC1</PROC_MESS_ID_TMP>
        <NAME_CHAR>PPPI_EVENT_DATE</NAME_CHAR>
        <CHAR_VALUE>20210915</CHAR_VALUE>
        <DATA_TYPE>DATE</DATA_TYPE>
      </ZRCOMEAPI>
      <ZRCOMEAPI SEGMENT="1">
        <PROC_MESS_ID_TMP>OSC1</PROC_MESS_ID_TMP>
        <NAME_CHAR>PPPI_EVENT_TIME</NAME_CHAR>
        <CHAR_VALUE>203700</CHAR_VALUE>
        <DATA_TYPE>TIME</DATA_TYPE>
      </ZRCOMEAPI>
      <ZRCOMEAPI SEGMENT="1">
        <PROC_MESS_ID_TMP>OSC1</PROC_MESS_ID_TMP>
        <NAME_CHAR>PPPI_PROCESS_ORDER</NAME_CHAR>
        <CHAR_VALUE>GC6886</CHAR_VALUE>
        <DATA_TYPE>CHAR</DATA_TYPE>
      </ZRCOMEAPI>
      <ZRCOMEAPI SEGMENT="1">
        <PROC_MESS_ID_TMP>OSC1</PROC_MESS_ID_TMP>
        <NAME_CHAR>PPPI_PHASE</NAME_CHAR>
        <CHAR_VALUE>0060</CHAR_VALUE>
        <DATA_TYPE>CHAR</DATA_TYPE>
      </ZRCOMEAPI>
      <ZRCOMEAPI SEGMENT="1">
        <PROC_MESS_ID_TMP>OSC1</PROC_MESS_ID_TMP>
        <NAME_CHAR>PPPI_STATUS_CONFIRMED</NAME_CHAR>
        <CHAR_VALUE>00002</CHAR_VALUE>
        <DATA_TYPE>CHAR</DATA_TYPE>
      </ZRCOMEAPI>
      <ZRCOMEAPI SEGMENT="1">
        <PROC_MESS_ID_TMP>OSC1</PROC_MESS_ID_TMP>
        <NAME_CHAR>PPPI_CLEAR_RESERVATIONS</NAME_CHAR>
        <CHAR_VALUE>X</CHAR_VALUE>
        <DATA_TYPE>CHAR</DATA_TYPE>
      </ZRCOMEAPI>
      <ZRCOMEAPI SEGMENT="1">
        <PROC_MESS_ID_TMP>OSC1</PROC_MESS_ID_TMP>
        <NAME_CHAR>PPPI_CONFIRMATION_SHORT_TEXT</NAME_CHAR>
        <CHAR_VALUE>Phase 0060 (Reactor 'A' (DC-312) Phase)</CHAR_VALUE>
        <DATA_TYPE>CHAR</DATA_TYPE>
      </ZRCOMEAPI>
      <ZRCOMEAPI SEGMENT="1">
        <PROC_MESS_ID_TMP>OSC1</PROC_MESS_ID_TMP>
        <NAME_CHAR>PPPI_YIELD_TO_CONFIRM</NAME_CHAR>
        <CHAR_VALUE>545.710</CHAR_VALUE>
        <DATA_TYPE>NUM</DATA_TYPE>
      </ZRCOMEAPI>
      <ZRCOMEAPI SEGMENT="1">
        <PROC_MESS_ID_TMP>OSC1</PROC_MESS_ID_TMP>
        <NAME_CHAR>PPPI_UNIT_OF_MEASURE</NAME_CHAR>
        <CHAR_VALUE>KG</CHAR_VALUE>
        <DATA_TYPE>CHAR</DATA_TYPE>
      </ZRCOMEAPI>
      <ZRCOMEAPI SEGMENT="1">
        <PROC_MESS_ID_TMP>OSC1</PROC_MESS_ID_TMP>
        <NAME_CHAR>PPPI_START_DATE</NAME_CHAR>
        <CHAR_VALUE>20210915</CHAR_VALUE>
        <DATA_TYPE>DATE</DATA_TYPE>
      </ZRCOMEAPI>
      <ZRCOMEAPI SEGMENT="1">
        <PROC_MESS_ID_TMP>OSC1</PROC_MESS_ID_TMP>
        <NAME_CHAR>PPPI_START_TIME</NAME_CHAR>
        <CHAR_VALUE>202600</CHAR_VALUE>
        <DATA_TYPE>TIME</DATA_TYPE>
      </ZRCOMEAPI>
    </ZRCOMHAPI>
  </IDOC>
</ZPROCMES>