<ProcessProductDefinition releaseID="B2MML-V0600" xmlns="http://www.mesa.org/xml/B2MML-V0600" xmlns:ns="http://www.mesa.org/xml/B2MML-V0600" xmlns:xsd="http://www.w3.org/2001/XMLSchema" xmlns:xs="http://www.w3.org/2001/XMLSchema" xmlns:local="urn:local">
  <ApplicationArea>
    <Sender>
      <LogicalID>SAPP01</LogicalID>
      <ReferenceID>0000001164899839</ReferenceID>
    </Sender>
    <Receiver>
      <LogicalID>SAP_PI</LogicalID>
    </Receiver>
    <CreationDateTime>2022-04-06T11:55:10Z</CreationDateTime>
  </ApplicationArea>
  <DataArea>
    <Process acknowledgeCode="Always" />
    <ProductDefinition>
      <ID>BOM_H086218030|36</ID>
      <HierarchyScope>
        <EquipmentID>IE14</EquipmentID>
        <EquipmentElementLevel>Site</EquipmentElementLevel>
      </HierarchyScope>
      <ManufacturingBill>
        <ID>36</ID>
        <Description>OSP1 163.0 Prazosin Hydrochloride</Description>
        <MaterialDefinitionID>H086218030</MaterialDefinitionID>
        <Quantity>
          <QuantityString>       163.000</QuantityString>
          <UnitOfMeasure>KG</UnitOfMeasure>
        </Quantity>
        <AssemblyManufacturingBill>
          <ID>BOMUsage</ID>
          <Description>1</Description>
        </AssemblyManufacturingBill>
        <AssemblyManufacturingBill>
          <ID>ValidFromDate</ID>
          <Description>20220206</Description>
        </AssemblyManufacturingBill>
        <AssemblyManufacturingBill>
          <ID>Deprecated</ID>
          <Description></Description>
        </AssemblyManufacturingBill>
        <AssemblyManufacturingBill>
          <ID>BIllOfMaterialItems</ID>
          <AssemblyManufacturingBill>
            <ID>BIllOfMaterialItem</ID>
            <MaterialClassID>L</MaterialClassID>
            <MaterialDefinitionID>R21323560</MaterialDefinitionID>
            <AssemblyManufacturingBill>
              <ID>RecipeQuantity</ID>
              <Description>      2684.000</Description>
            </AssemblyManufacturingBill>
            <AssemblyManufacturingBill>
              <ID>RecipeUnitOfMeasure</ID>
              <Description>LTR</Description>
            </AssemblyManufacturingBill>
            <AssemblyManufacturingBill>
              <ID>AlternateGroupID</ID>
              <Description></Description>
            </AssemblyManufacturingBill>
            <AssemblyManufacturingBill>
              <ID>LotSizeIndependentFlag</ID>
              <Description></Description>
            </AssemblyManufacturingBill>
            <AssemblyManufacturingBill>
              <ID>AlterItemUsageProbability</ID>
              <Description> 0</Description>
            </AssemblyManufacturingBill>
            <AssemblyManufacturingBill>
              <ID>IsBulkMaterial</ID>
              <Description>true</Description>
            </AssemblyManufacturingBill>
            <AssemblyManufacturingBill>
              <ID>IsCoProduct</ID>
              <Description></Description>
            </AssemblyManufacturingBill>
            <AssemblyManufacturingBill>
              <ID>BillOfMaterialItemExtension</ID>
              <AssemblyManufacturingBill>
                <ID>WeighingType</ID>
                <Description>0</Description>
              </AssemblyManufacturingBill>
              <AssemblyManufacturingBill>
                <ID>WeightMaterialType</ID>
                <Description></Description>
              </AssemblyManufacturingBill>
              <AssemblyManufacturingBill>
                <ID>CompensatorFixedRatioValue</ID>
                <Description>0.000</Description>
              </AssemblyManufacturingBill>
              <AssemblyManufacturingBill>
                <ID>DefaultTolerance</ID>
                <Description>0</Description>
              </AssemblyManufacturingBill>
              <AssemblyManufacturingBill>
                <ID>UpperTolerencePct</ID>
                <Description>0.000</Description>
              </AssemblyManufacturingBill>
              <AssemblyManufacturingBill>
                <ID>LowerTolerencePct</ID>
                <Description>0.000</Description>
              </AssemblyManufacturingBill>
              <AssemblyManufacturingBill>
                <ID>NumberOfBatches</ID>
                <Description></Description>
              </AssemblyManufacturingBill>
              <AssemblyManufacturingBill>
                <ID>LinkedBOMItemNumber</ID>
                <Description>0000</Description>
              </AssemblyManufacturingBill>
              <AssemblyManufacturingBill>
                <ID>BatchWeightConstant</ID>
                <Description></Description>
              </AssemblyManufacturingBill>
              <AssemblyManufacturingBill>
                <ID>PrimaryPotency</ID>
                <Description>      0.000</Description>
              </AssemblyManufacturingBill>
              <AssemblyManufacturingBill>
                <ID>PrimaryPotencyUOM</ID>
                <Description></Description>
              </AssemblyManufacturingBill>
              <AssemblyManufacturingBill>
                <ID>SecondaryPotency</ID>
                <Description>      0.000</Description>
              </AssemblyManufacturingBill>
              <AssemblyManufacturingBill>
                <ID>SecondaryPotencyUOM</ID>
                <Description></Description>
              </AssemblyManufacturingBill>
              <AssemblyManufacturingBill>
                <ID>PrimaryPotencyUpperLimit</ID>
                <Description>0.000</Description>
              </AssemblyManufacturingBill>
              <AssemblyManufacturingBill>
                <ID>PrimaryPotencyLowerLimit</ID>
                <Description>0.000</Description>
              </AssemblyManufacturingBill>
              <AssemblyManufacturingBill>
                <ID>PrimaryPotencyCalculated</ID>
                <Description>0.000</Description>
              </AssemblyManufacturingBill>
              <AssemblyManufacturingBill>
                <ID>PrimaryPotencyCalculatedUOM</ID>
                <Description></Description>
              </AssemblyManufacturingBill>
              <AssemblyManufacturingBill>
                <ID>SecondaryPotencyUpperLimit</ID>
                <Description>0.000</Description>
              </AssemblyManufacturingBill>
              <AssemblyManufacturingBill>
                <ID>SecondaryPotencyLowerLimit</ID>
                <Description>0.000</Description>
              </AssemblyManufacturingBill>
              <AssemblyManufacturingBill>
                <ID>SecondaryPotencyCalculated</ID>
                <Description>0.000</Description>
              </AssemblyManufacturingBill>
              <AssemblyManufacturingBill>
                <ID>SecondaryPotencyCalculatedUOM</ID>
                <Description></Description>
              </AssemblyManufacturingBill>
              <AssemblyManufacturingBill>
                <ID>PhantomBOMMember</ID>
                <Description></Description>
              </AssemblyManufacturingBill>
            </AssemblyManufacturingBill>
            <BillOfMaterialID>0010</BillOfMaterialID>
          </AssemblyManufacturingBill>
          <AssemblyManufacturingBill>
            <ID>BIllOfMaterialItem</ID>
            <MaterialClassID>L</MaterialClassID>
            <MaterialDefinitionID>R21322340</MaterialDefinitionID>
            <AssemblyManufacturingBill>
              <ID>RecipeQuantity</ID>
              <Description>        14.000</Description>
            </AssemblyManufacturingBill>
            <AssemblyManufacturingBill>
              <ID>RecipeUnitOfMeasure</ID>
              <Description>LTR</Description>
            </AssemblyManufacturingBill>
            <AssemblyManufacturingBill>
              <ID>AlternateGroupID</ID>
              <Description></Description>
            </AssemblyManufacturingBill>
            <AssemblyManufacturingBill>
              <ID>LotSizeIndependentFlag</ID>
              <Description></Description>
            </AssemblyManufacturingBill>
            <AssemblyManufacturingBill>
              <ID>AlterItemUsageProbability</ID>
              <Description> 0</Description>
            </AssemblyManufacturingBill>
            <AssemblyManufacturingBill>
              <ID>IsCoProduct</ID>
              <Description></Description>
            </AssemblyManufacturingBill>
            <AssemblyManufacturingBill>
              <ID>BillOfMaterialItemExtension</ID>
              <AssemblyManufacturingBill>
                <ID>WeighingType</ID>
                <Description>0</Description>
              </AssemblyManufacturingBill>
              <AssemblyManufacturingBill>
                <ID>WeightMaterialType</ID>
                <Description></Description>
              </AssemblyManufacturingBill>
              <AssemblyManufacturingBill>
                <ID>CompensatorFixedRatioValue</ID>
                <Description>0.000</Description>
              </AssemblyManufacturingBill>
              <AssemblyManufacturingBill>
                <ID>DefaultTolerance</ID>
                <Description>0</Description>
              </AssemblyManufacturingBill>
              <AssemblyManufacturingBill>
                <ID>UpperTolerencePct</ID>
                <Description>0.000</Description>
              </AssemblyManufacturingBill>
              <AssemblyManufacturingBill>
                <ID>LowerTolerencePct</ID>
                <Description>0.000</Description>
              </AssemblyManufacturingBill>
              <AssemblyManufacturingBill>
                <ID>NumberOfBatches</ID>
                <Description></Description>
              </AssemblyManufacturingBill>
              <AssemblyManufacturingBill>
                <ID>LinkedBOMItemNumber</ID>
                <Description>0000</Description>
              </AssemblyManufacturingBill>
              <AssemblyManufacturingBill>
                <ID>BatchWeightConstant</ID>
                <Description></Description>
              </AssemblyManufacturingBill>
              <AssemblyManufacturingBill>
                <ID>PrimaryPotency</ID>
                <Description>      0.000</Description>
              </AssemblyManufacturingBill>
              <AssemblyManufacturingBill>
                <ID>PrimaryPotencyUOM</ID>
                <Description></Description>
              </AssemblyManufacturingBill>
              <AssemblyManufacturingBill>
                <ID>SecondaryPotency</ID>
                <Description>      0.000</Description>
              </AssemblyManufacturingBill>
              <AssemblyManufacturingBill>
                <ID>SecondaryPotencyUOM</ID>
                <Description></Description>
              </AssemblyManufacturingBill>
              <AssemblyManufacturingBill>
                <ID>PrimaryPotencyUpperLimit</ID>
                <Description>0.000</Description>
              </AssemblyManufacturingBill>
              <AssemblyManufacturingBill>
                <ID>PrimaryPotencyLowerLimit</ID>
                <Description>0.000</Description>
              </AssemblyManufacturingBill>
              <AssemblyManufacturingBill>
                <ID>PrimaryPotencyCalculated</ID>
                <Description>0.000</Description>
              </AssemblyManufacturingBill>
              <AssemblyManufacturingBill>
                <ID>PrimaryPotencyCalculatedUOM</ID>
                <Description></Description>
              </AssemblyManufacturingBill>
              <AssemblyManufacturingBill>
                <ID>SecondaryPotencyUpperLimit</ID>
                <Description>0.000</Description>
              </AssemblyManufacturingBill>
              <AssemblyManufacturingBill>
                <ID>SecondaryPotencyLowerLimit</ID>
                <Description>0.000</Description>
              </AssemblyManufacturingBill>
              <AssemblyManufacturingBill>
                <ID>SecondaryPotencyCalculated</ID>
                <Description>0.000</Description>
              </AssemblyManufacturingBill>
              <AssemblyManufacturingBill>
                <ID>SecondaryPotencyCalculatedUOM</ID>
                <Description></Description>
              </AssemblyManufacturingBill>
              <AssemblyManufacturingBill>
                <ID>PhantomBOMMember</ID>
                <Description></Description>
              </AssemblyManufacturingBill>
            </AssemblyManufacturingBill>
            <BillOfMaterialID>0020</BillOfMaterialID>
          </AssemblyManufacturingBill>
        </AssemblyManufacturingBill>
      </ManufacturingBill>
    </ProductDefinition>
  </DataArea>
</ProcessProductDefinition>