<?xml version="1.0" encoding="utf-8"?>
<ProcessOperationsPerformance releaseID="B2MML-V0600" xmlns="http://www.mesa.org/xml/B2MML-V0600" xmlns:ns="http://www.mesa.org/xml/B2MML-V0600" xmlns:xsd="http://www.w3.org/2001/XMLSchema" xmlns:xs="http://www.w3.org/2001/XMLSchema" xmlns:local="urn:local">
  <ApplicationArea>
    <Sender>
      <LogicalID>SAPPQ1</LogicalID>
      <ReferenceID>18508124</ReferenceID>
      <ConfirmationCode>Always</ConfirmationCode>
    </Sender>
    <Receiver>
      <LogicalID>ERM-NEOPLM-DEV</LogicalID>
    </Receiver>
    <CreationDateTime>2022-06-17T06:15:54Z</CreationDateTime>
  </ApplicationArea>
  <DataArea>
    <Process acknowledgeCode="Always" />
    <OperationsPerformance>
      <ID>18508124</ID>
      <HierarchyScope>
        <EquipmentID>IE14</EquipmentID>
        <EquipmentElementLevel>Site</EquipmentElementLevel>
      </HierarchyScope>
      <OperationsResponse>
        <ID>GF0095</ID>
        <OperationsRequestID>GF0095</OperationsRequestID>
        <OperationsDefinitionID>TP03</OperationsDefinitionID>
        <ResponseState>Ready</ResponseState>
        <SegmentResponse>
          <ID>0030</ID>
          <HierarchyScope>
            <EquipmentID>0</EquipmentID>
            <EquipmentElementLevel>Unit</EquipmentElementLevel>
          </HierarchyScope>
          <MaterialActual>
            <MaterialDefinitionID>H077917010</MaterialDefinitionID>
            <MaterialLotID>GF0095</MaterialLotID>
            <Quantity>
              <QuantityString>154.400</QuantityString>
              <UnitOfMeasure>KG</UnitOfMeasure>
            </Quantity>
            <MaterialActualProperty>
              <ID>Container Number</ID>
              <Value>
                <ValueString>SL00022895</ValueString>
              </Value>
            </MaterialActualProperty>
            <MaterialActualProperty>
              <ID>TransactionType</ID>
              <Value>
                <ValueString>GR</ValueString>
              </Value>
            </MaterialActualProperty>
            <MaterialActualProperty>
              <ID>BatchStatus</ID>
              <Value>
                <ValueString>A</ValueString>
              </Value>
            </MaterialActualProperty>
            <MaterialActualProperty>
              <ID>PerformedBy</ID>
              <Value>
                <ValueString>onagle</ValueString>
              </Value>
            </MaterialActualProperty>
            <MaterialActualProperty>
              <ID>PerformedByDate</ID>
              <Value>
                <ValueString>2022-06-17T10:15:54Z</ValueString>
              </Value>
            </MaterialActualProperty>
            <MaterialActualProperty>
              <ID>TransactionDate</ID>
              <Value>
                <ValueString>2015-10-02T15:19:00.000Z</ValueString>
              </Value>
            </MaterialActualProperty>
            <MaterialActualProperty>
              <ID>ERPProducedMaterialID</ID>
              <Value>
                <ValueString>H077917010</ValueString>
              </Value>
            </MaterialActualProperty>
            <MaterialActualProperty>
              <ID>ERPProducedMaterialLotID</ID>
              <Value>
                <ValueString>2900</ValueString>
              </Value>
            </MaterialActualProperty>
          </MaterialActual>
        </SegmentResponse>
      </OperationsResponse>
    </OperationsPerformance>
  </DataArea>
</ProcessOperationsPerformance>