<ProcessMaterialLot releaseID="B2MML-V0600" xmlns="http://www.mesa.org/xml/B2MML-V0600" xmlns:ns="http://www.mesa.org/xml/B2MML-V0600" xmlns:xsd="http://www.w3.org/2001/XMLSchema" xmlns:xs="http://www.w3.org/2001/XMLSchema" xmlns:fn="http://www.w3.org/2005/xpath-functions">
  <ApplicationArea>
    <Sender>
      <LogicalID>SAPP01</LogicalID>
      <ReferenceID>0000001165607044</ReferenceID>
      <ConfirmationCode>Always</ConfirmationCode>
      <AuthorizationID>normalizedString</AuthorizationID>
    </Sender>
    <Receiver>
      <LogicalID>normalizedString</LogicalID>
      <ComponentID>normalizedString</ComponentID>
      <ID>normalizedString</ID>
    </Receiver>
    <CreationDateTime>2022-04-08T07:06:48Z</CreationDateTime>
    <BODID>normalizedString</BODID>
  </ApplicationArea>
  <DataArea>
    <Process>
      <ActionCriteria>
        <ActionExpression actionCode="">token</ActionExpression>
        <ChangeStatus>
          <Code>normalizedString</Code>
          <Description>String</Description>
          <EffectiveDateTime>1999-05-31T13:20:00.000-05:00</EffectiveDateTime>
          <ReasonCode>normalizedString</ReasonCode>
          <Reason>normalizedString</Reason>
          <StateChange>
            <FromStateCode>normalizedString</FromStateCode>
            <ToStateCode>normalizedString</ToStateCode>
            <ChangeDateTime>1999-05-31T13:20:00.000-05:00</ChangeDateTime>
            <Description>String</Description>
            <Note>String</Note>
          </StateChange>
        </ChangeStatus>
      </ActionCriteria>
    </Process>
    <MaterialLot>
      <ID>2001542818</ID>
      <Description>String</Description>
      <Location>
        <EquipmentID>normalizedString</EquipmentID>
        <EquipmentElementLevel>Area</EquipmentElementLevel>
      </Location>
      <HierarchyScope>
        <EquipmentID>IE14</EquipmentID>
        <EquipmentElementLevel>WorkCell</EquipmentElementLevel>
      </HierarchyScope>
      <MaterialDefinitionID>R21324800</MaterialDefinitionID>
      <Status>RSTR|Q|R</Status>
      <MaterialLotProperty>
        <ID>RevaluationDateUtc</ID>
        <Description>String</Description>
        <Value>
          <ValueString>20230401</ValueString>
        </Value>
      </MaterialLotProperty>
      <MaterialLotProperty>
        <ID>SourceLastUpdateTime</ID>
        <Description>String</Description>
        <Value>
          <ValueString>1999-05-31T13:20:00.000-05:00</ValueString>
          <DataType>unsignedShort</DataType>
          <UnitOfMeasure>normalizedString</UnitOfMeasure>
          <Key>normalizedString</Key>
        </Value>
        <MaterialTestSpecificationID>normalizedString</MaterialTestSpecificationID>
        <TestResult>
          <ID>SourceLastUpdateTime</ID>
          <Description>String</Description>
          <TestDateTime>1999-05-31T13:20:00.000-05:00</TestDateTime>
          <Result>
            <ValueString>String</ValueString>
            <DataType>Text</DataType>
            <UnitOfMeasure>normalizedString</UnitOfMeasure>
            <Key>normalizedString</Key>
          </Result>
          <ExpirationTime>1999-05-31T13:20:00.000-05:00</ExpirationTime>
        </TestResult>
      </MaterialLotProperty>
      <MaterialLotProperty>
        <ID>UsageDecisionText</ID>
        <Description>String</Description>
        <Value>
          <ValueString>RSTR</ValueString>
          <DataType>double</DataType>
          <UnitOfMeasure>normalizedString</UnitOfMeasure>
          <Key>normalizedString</Key>
        </Value>
        <MaterialTestSpecificationID>normalizedString</MaterialTestSpecificationID>
        <TestResult>
          <ID>normalizedString</ID>
          <Description>String</Description>
          <TestDateTime>1999-05-31T13:20:00.000-05:00</TestDateTime>
          <Result>
            <ValueString>String</ValueString>
            <DataType>unsignedShort</DataType>
            <UnitOfMeasure>normalizedString</UnitOfMeasure>
            <Key>normalizedString</Key>
          </Result>
          <ExpirationTime>1999-05-31T13:20:00.000-05:00</ExpirationTime>
        </TestResult>
      </MaterialLotProperty>
      <MaterialLotProperty>
        <ID>MaterialLotPotency</ID>
        <Description>String</Description>
        <Value>
          <ValueString>0</ValueString>
          <DataType>double</DataType>
          <UnitOfMeasure></UnitOfMeasure>
          <Key>normalizedString</Key>
        </Value>
        <MaterialTestSpecificationID>normalizedString</MaterialTestSpecificationID>
        <TestResult>
          <ID>normalizedString</ID>
          <Description>String</Description>
          <TestDateTime>1999-05-31T13:20:00.000-05:00</TestDateTime>
          <Result>
            <ValueString>String</ValueString>
            <DataType>unsignedShort</DataType>
            <UnitOfMeasure></UnitOfMeasure>
            <Key>normalizedString</Key>
          </Result>
          <ExpirationTime>1999-05-31T13:20:00.000-05:00</ExpirationTime>
        </TestResult>
      </MaterialLotProperty>
      <MaterialLotProperty>
        <ID>SupplierID</ID>
        <Description>String</Description>
        <Value>
          <ValueString />
          <DataType>double</DataType>
          <UnitOfMeasure>normalizedString</UnitOfMeasure>
          <Key>normalizedString</Key>
        </Value>
        <MaterialTestSpecificationID>normalizedString</MaterialTestSpecificationID>
        <TestResult>
          <ID>normalizedString</ID>
          <Description>String</Description>
          <TestDateTime>1999-05-31T13:20:00.000-05:00</TestDateTime>
          <Result>
            <ValueString>String</ValueString>
            <DataType>unsignedShort</DataType>
            <UnitOfMeasure>normalizedString</UnitOfMeasure>
            <Key>normalizedString</Key>
          </Result>
          <ExpirationTime>1999-05-31T13:20:00.000-05:00</ExpirationTime>
        </TestResult>
      </MaterialLotProperty>
      <MaterialLotProperty>
        <ID>SupplierName</ID>
        <Description>String</Description>
        <Value>
          <ValueString />
          <DataType>double</DataType>
          <UnitOfMeasure>normalizedString</UnitOfMeasure>
          <Key>normalizedString</Key>
        </Value>
        <MaterialTestSpecificationID>normalizedString</MaterialTestSpecificationID>
        <TestResult>
          <ID>normalizedString</ID>
          <Description>String</Description>
          <TestDateTime>1999-05-31T13:20:00.000-05:00</TestDateTime>
          <Result>
            <ValueString>String</ValueString>
            <DataType>unsignedShort</DataType>
            <UnitOfMeasure>normalizedString</UnitOfMeasure>
            <Key>normalizedString</Key>
          </Result>
          <ExpirationTime>1999-05-31T13:20:00.000-05:00</ExpirationTime>
        </TestResult>
      </MaterialLotProperty>
      <MaterialLotProperty>
        <ID>SupplierLotID</ID>
        <Description>String</Description>
        <Value>
          <ValueString>LTXU 935005/8</ValueString>
          <DataType>double</DataType>
          <UnitOfMeasure>normalizedString</UnitOfMeasure>
          <Key>normalizedString</Key>
        </Value>
        <MaterialTestSpecificationID>normalizedString</MaterialTestSpecificationID>
        <TestResult>
          <ID>normalizedString</ID>
          <Description>String</Description>
          <TestDateTime>1999-05-31T13:20:00.000-05:00</TestDateTime>
          <Result>
            <ValueString>String</ValueString>
            <DataType>unsignedShort</DataType>
            <UnitOfMeasure>normalizedString</UnitOfMeasure>
            <Key>normalizedString</Key>
          </Result>
          <ExpirationTime>1999-05-31T13:20:00.000-05:00</ExpirationTime>
        </TestResult>
      </MaterialLotProperty>
      <MaterialLotProperty>
        <ID>ReferencedMaterialLots</ID>
        <Description>String</Description>
        <Value>
          <ValueString />
          <DataType>double</DataType>
          <UnitOfMeasure>normalizedString</UnitOfMeasure>
          <Key>normalizedString</Key>
        </Value>
        <MaterialLotProperty>
          <ID>MaterialLot</ID>
          <Description>String</Description>
          <Value>
            <ValueString />
            <DataType>double</DataType>
            <UnitOfMeasure>normalizedString</UnitOfMeasure>
            <Key>normalizedString</Key>
          </Value>
          <MaterialLotProperty>
            <ID>SourceSystemID</ID>
            <Description>String</Description>
            <Value>
              <ValueString>SAPP01</ValueString>
              <DataType>double</DataType>
              <UnitOfMeasure>normalizedString</UnitOfMeasure>
              <Key>normalizedString</Key>
            </Value>
            <MaterialTestSpecificationID>normalizedString</MaterialTestSpecificationID>
            <TestResult>
              <ID>normalizedString</ID>
              <Description>String</Description>
              <TestDateTime>2001-12-17T09:30:47Z</TestDateTime>
              <Result>
                <ValueString>String</ValueString>
                <DataType>unsignedShort</DataType>
                <UnitOfMeasure>normalizedString</UnitOfMeasure>
                <Key>normalizedString</Key>
              </Result>
              <ExpirationTime>2001-12-17T09:30:47Z</ExpirationTime>
            </TestResult>
          </MaterialLotProperty>
          <MaterialLotProperty>
            <ID>PlantID</ID>
            <Description>String</Description>
            <Value>
              <ValueString>IE14</ValueString>
              <DataType>double</DataType>
              <UnitOfMeasure>normalizedString</UnitOfMeasure>
              <Key>normalizedString</Key>
            </Value>
            <MaterialTestSpecificationID>normalizedString</MaterialTestSpecificationID>
            <TestResult>
              <ID>normalizedString</ID>
              <Description>String</Description>
              <TestDateTime>2001-12-17T09:30:47Z</TestDateTime>
              <Result>
                <ValueString>String</ValueString>
                <DataType>unsignedShort</DataType>
                <UnitOfMeasure>normalizedString</UnitOfMeasure>
                <Key>normalizedString</Key>
              </Result>
              <ExpirationTime>2001-12-17T09:30:47Z</ExpirationTime>
            </TestResult>
          </MaterialLotProperty>
          <MaterialLotProperty>
            <ID>MaterialID</ID>
            <Description>String</Description>
            <Value>
              <ValueString>R21324800</ValueString>
              <DataType>double</DataType>
              <UnitOfMeasure>normalizedString</UnitOfMeasure>
              <Key>normalizedString</Key>
            </Value>
            <MaterialTestSpecificationID>normalizedString</MaterialTestSpecificationID>
            <TestResult>
              <ID>normalizedString</ID>
              <Description>String</Description>
              <TestDateTime>2001-12-17T09:30:47Z</TestDateTime>
              <Result>
                <ValueString>String</ValueString>
                <DataType>unsignedShort</DataType>
                <UnitOfMeasure>normalizedString</UnitOfMeasure>
                <Key>normalizedString</Key>
              </Result>
              <ExpirationTime>2001-12-17T09:30:47Z</ExpirationTime>
            </TestResult>
          </MaterialLotProperty>
          <MaterialLotProperty>
            <ID>MaterialLotID</ID>
            <Description>String</Description>
            <Value>
              <ValueString>2001542818</ValueString>
              <DataType>double</DataType>
              <UnitOfMeasure>normalizedString</UnitOfMeasure>
              <Key>normalizedString</Key>
            </Value>
            <MaterialTestSpecificationID>normalizedString</MaterialTestSpecificationID>
            <TestResult>
              <ID>normalizedString</ID>
              <Description>String</Description>
              <TestDateTime>2001-12-17T09:30:47Z</TestDateTime>
              <Result>
                <ValueString>String</ValueString>
                <DataType>unsignedShort</DataType>
                <UnitOfMeasure>normalizedString</UnitOfMeasure>
                <Key>normalizedString</Key>
              </Result>
              <ExpirationTime>2001-12-17T09:30:47Z</ExpirationTime>
            </TestResult>
          </MaterialLotProperty>
          <MaterialTestSpecificationID>normalizedString</MaterialTestSpecificationID>
          <TestResult>
            <ID>normalizedString</ID>
            <Description>String</Description>
            <TestDateTime>2001-12-17T09:30:47Z</TestDateTime>
            <Result>
              <ValueString>String</ValueString>
              <DataType>unsignedShort</DataType>
              <UnitOfMeasure>normalizedString</UnitOfMeasure>
              <Key>normalizedString</Key>
            </Result>
            <ExpirationTime>2001-12-17T09:30:47Z</ExpirationTime>
          </TestResult>
        </MaterialLotProperty>
        <MaterialTestSpecificationID>normalizedString</MaterialTestSpecificationID>
        <TestResult>
          <ID>normalizedString</ID>
          <Description>String</Description>
          <TestDateTime>2001-12-17T09:30:47Z</TestDateTime>
          <Result>
            <ValueString>String</ValueString>
            <DataType>unsignedShort</DataType>
            <UnitOfMeasure>normalizedString</UnitOfMeasure>
            <Key>normalizedString</Key>
          </Result>
          <ExpirationTime>2001-12-17T09:30:47Z</ExpirationTime>
        </TestResult>
      </MaterialLotProperty>
      <MaterialSubLot>
        <ID>normalizedString</ID>
        <Description>String</Description>
        <Location>
          <EquipmentID>normalizedString</EquipmentID>
          <EquipmentElementLevel>WorkUnit</EquipmentElementLevel>
        </Location>
        <HierarchyScope>
          <EquipmentID>normalizedString</EquipmentID>
          <EquipmentElementLevel>Area</EquipmentElementLevel>
        </HierarchyScope>
        <Status>normalizedString</Status>
        <MaterialSublotProperty>
          <ID>normalizedString</ID>
          <Description>String</Description>
          <Value>
            <ValueString>String</ValueString>
            <DataType>long</DataType>
            <UnitOfMeasure>normalizedString</UnitOfMeasure>
            <Key>normalizedString</Key>
          </Value>
          <MaterialTestSpecificationID>normalizedString</MaterialTestSpecificationID>
          <TestResult>
            <ID>normalizedString</ID>
            <Description>String</Description>
            <TestDateTime>2001-12-17T09:30:47Z</TestDateTime>
            <Result>
              <ValueString>String</ValueString>
              <DataType>NMTOKENS</DataType>
              <UnitOfMeasure>normalizedString</UnitOfMeasure>
              <Key>normalizedString</Key>
            </Result>
            <ExpirationTime>2001-12-17T09:30:47Z</ExpirationTime>
          </TestResult>
        </MaterialSublotProperty>
        <StorageLocation>normalizedString</StorageLocation>
        <Quantity>
          <QuantityString>String</QuantityString>
          <DataType>nonNegativeInteger</DataType>
          <UnitOfMeasure>normalizedString</UnitOfMeasure>
          <Key>normalizedString</Key>
        </Quantity>
        <MaterialLotID>normalizedString</MaterialLotID>
        <AssemblyType>Logical</AssemblyType>
        <AssemblyRelationship>Transient</AssemblyRelationship>
      </MaterialSubLot>
      <StorageLocation>normalizedString</StorageLocation>
      <Quantity>
        <QuantityString>String</QuantityString>
        <DataType>timePeriod</DataType>
        <UnitOfMeasure>normalizedString</UnitOfMeasure>
        <Key>normalizedString</Key>
      </Quantity>
      <MaterialTestSpecificationID>normalizedString</MaterialTestSpecificationID>
      <AssemblySubLotID>
        <ID>normalizedString</ID>
        <Description>String</Description>
        <Location>
          <EquipmentID>normalizedString</EquipmentID>
          <EquipmentElementLevel>ProductionLine</EquipmentElementLevel>
        </Location>
        <HierarchyScope>
          <EquipmentID>normalizedString</EquipmentID>
          <EquipmentElementLevel>ProductionLine</EquipmentElementLevel>
        </HierarchyScope>
        <Status>normalizedString</Status>
        <MaterialSublotProperty>
          <ID>normalizedString</ID>
          <Description>String</Description>
          <Value>
            <ValueString>String</ValueString>
            <DataType>Measure</DataType>
            <UnitOfMeasure>normalizedString</UnitOfMeasure>
            <Key>normalizedString</Key>
          </Value>
          <MaterialTestSpecificationID>normalizedString</MaterialTestSpecificationID>
          <TestResult>
            <ID>normalizedString</ID>
            <Description>String</Description>
            <TestDateTime>2001-12-17T09:30:47Z</TestDateTime>
            <Result>
              <ValueString>String</ValueString>
              <DataType>time</DataType>
              <UnitOfMeasure>normalizedString</UnitOfMeasure>
              <Key>normalizedString</Key>
            </Result>
            <ExpirationTime>2001-12-17T09:30:47Z</ExpirationTime>
          </TestResult>
        </MaterialSublotProperty>
        <StorageLocation>normalizedString</StorageLocation>
        <Quantity>
          <QuantityString>String</QuantityString>
          <DataType>byte</DataType>
          <UnitOfMeasure>normalizedString</UnitOfMeasure>
          <Key>normalizedString</Key>
        </Quantity>
        <MaterialLotID>normalizedString</MaterialLotID>
        <AssemblyType>Other</AssemblyType>
        <AssemblyRelationship>Other</AssemblyRelationship>
      </AssemblySubLotID>
      <AssemblyType>Logical</AssemblyType>
      <AssemblyRelationship>Transient</AssemblyRelationship>
    </MaterialLot>
  </DataArea>
</ProcessMaterialLot>