<ProcessMaterialLot releaseID="B2MML-V0600" xmlns="http://www.mesa.org/xml/B2MML-V0600" xmlns:Extended="http://www.mesa.org/xml/B2MML-V0600-AllExtensions" xmlns:ns="http://www.mesa.org/xml/B2MML-V0600" xmlns:xs="http://www.w3.org/2001/XMLSchema" xmlns:fn="http://www.w3.org/2005/xpath-functions">
  <ApplicationArea>
    <Sender>
      <LogicalID>141770</LogicalID>
      <ReferenceID>141770</ReferenceID>
      <ConfirmationCode>Always</ConfirmationCode>
    </Sender>
    <Receiver>
      <LogicalID>Neo PLM</LogicalID>
    </Receiver>
    <CreationDateTime>2023-01-26T16:16:52</CreationDateTime>
  </ApplicationArea>
  <DataArea>
    <Process acknowledgeCode="Always" />
    <MaterialLot>
      <ID>SM TR LOT 26 JAN 2023</ID>
      <HierarchyScope>
        <EquipmentID>BEP7</EquipmentID>
        <EquipmentElementLevel>Site</EquipmentElementLevel>
      </HierarchyScope>
      <MaterialDefinitionID>444</MaterialDefinitionID>
      <MaterialLotProperty>
        <ID>TestInstanceID</ID>
        <Value>
          <ValueString>5681069</ValueString>
        </Value>
        <MaterialLotProperty>
          <ID>TestInstanceDescription</ID>
          <Value>
            <ValueString>RNG_U13_6::6</ValueString>
          </Value>
        </MaterialLotProperty>
        <MaterialLotProperty>
          <ID>LabSampleLastModified</ID>
          <Value>
            <ValueString>2023-01-26T16:16:52</ValueString>
          </Value>
        </MaterialLotProperty>
        <MaterialLotProperty>
          <ID>TestTemplateVersion</ID>
          <Value>
            <ValueString>R77311260_IE14:2</ValueString>
          </Value>
        </MaterialLotProperty>
        <MaterialLotProperty>
          <ID>TestTemplateDescription</ID>
          <Value>
            <ValueString>UK-67,787-1 (DOFETILIDE RSM)</ValueString>
          </Value>
        </MaterialLotProperty>
        <MaterialLotProperty>
          <ID>TestTemplateType</ID>
          <Value>
            <ValueString>RM</ValueString>
          </Value>
        </MaterialLotProperty>
        <MaterialLotProperty>
          <ID>SampleStatus</ID>
          <Value>
            <ValueString>In-Progress / In Spec / In Control</ValueString>
          </Value>
        </MaterialLotProperty>
        <MaterialLotProperty>
          <ID>SampleID</ID>
          <Value>
            <ValueString>2315489</ValueString>
          </Value>
        </MaterialLotProperty>
        <MaterialLotProperty>
          <ID>ControlPointID</ID>
          <Value>
            <ValueString>RAW</ValueString>
          </Value>
        </MaterialLotProperty>
        <MaterialLotProperty>
          <ID>ControlPointDescription</ID>
          <Value>
            <ValueString>RAW : 2</ValueString>
          </Value>
        </MaterialLotProperty>
        <MaterialLotProperty>
          <ID>TestTemplateID</ID>
          <Value>
            <ValueString>R77311260_IE14:2</ValueString>
          </Value>
        </MaterialLotProperty>
        <MaterialLotProperty>
          <ID>TestMethodVersion</ID>
          <Value>
            <ValueString>RNG_U13_6::6</ValueString>
          </Value>
        </MaterialLotProperty>
        <MaterialLotProperty>
          <ID>TestMethodDescription</ID>
          <Value>
            <ValueString>RNG_U13_6::6</ValueString>
          </Value>
        </MaterialLotProperty>
        <MaterialLotProperty>
          <ID>TestStatus</ID>
          <Value>
            <ValueString>Complete | In Spec / In Control</ValueString>
          </Value>
        </MaterialLotProperty>
        <MaterialLotProperty>
          <ID>TestMethodID</ID>
          <Value>
            <ValueString>RNG_U13_6::6</ValueString>
          </Value>
        </MaterialLotProperty>
        <MaterialLotProperty>
          <ID>TestResults</ID>
          <MaterialLotProperty>
            <ID>38282586</ID>
            <MaterialLotProperty>
              <ID>ActualTestResults</ID>
              <MaterialLotProperty>
                <ID>EnteredResultValue</ID>
                <Value>
                  <ValueString>PASS</ValueString>
                  <UnitOfMeasure>NONE</UnitOfMeasure>
                </Value>
              </MaterialLotProperty>
              <MaterialLotProperty>
                <ID>ActualResultSummary</ID>
                <Value>
                  <ValueString>In Spec / In Control</ValueString>
                </Value>
              </MaterialLotProperty>
              <MaterialLotProperty>
                <ID>ExpectedResult</ID>
                <Value>
                  <ValueString></ValueString>
                </Value>
              </MaterialLotProperty>
              <MaterialLotProperty>
                <ID>TestResultDescription</ID>
                <Value>
                  <ValueString></ValueString>
                </Value>
              </MaterialLotProperty>
              <MaterialLotProperty>
                <ID>ActualTestResultDateTime</ID>
                <Value>
                  <ValueString>2023-01-26T15:39:13</ValueString>
                </Value>
              </MaterialLotProperty>
            </MaterialLotProperty>
          </MaterialLotProperty>
        </MaterialLotProperty>
      </MaterialLotProperty>
    </MaterialLot>
  </DataArea>
</ProcessMaterialLot>