<ProcessOperationsPerformance releaseID="B2MML-V0600" xmlns="http://www.mesa.org/xml/B2MML-V0600" xmlns:ns="http://www.mesa.org/xml/B2MML-V0600" xmlns:xsd="http://www.w3.org/2001/XMLSchema" xmlns:xs="http://www.w3.org/2001/XMLSchema" xmlns:local="urn:local">
  <ApplicationArea>
    <Sender>
      <LogicalID>1234</LogicalID>
      <ReferenceID>18486924</ReferenceID>
      <ConfirmationCode>Never</ConfirmationCode>
    </Sender>
    <Receiver>
      <LogicalID>ERM-NEOPLM-DEV</LogicalID>
    </Receiver>
    <CreationDateTime>2022-06-17T05:31:21Z</CreationDateTime>
  </ApplicationArea>
  <DataArea>
    <Process acknowledgeCode="Always" />
    <OperationsPerformance>
      <ID>18486924</ID>
      <HierarchyScope>
        <EquipmentID>BEP7</EquipmentID>
        <EquipmentElementLevel>Site</EquipmentElementLevel>
      </HierarchyScope>
      <OperationsResponse>
        <ID>rety</ID>
        <OperationsRequestID>rety</OperationsRequestID>
        <OperationsDefinitionID>TP03</OperationsDefinitionID>
        <SegmentResponse>
          <ID>0030</ID>
          <HierarchyScope>
            <EquipmentID>0</EquipmentID>
            <EquipmentElementLevel>ProcessCell</EquipmentElementLevel>
          </HierarchyScope>
          <MaterialActual>
            <MaterialDefinitionID>test1234</MaterialDefinitionID>
            <MaterialLotID>rety</MaterialLotID>
            <Quantity>
              <QuantityString>1.500</QuantityString>
              <UnitOfMeasure>KG</UnitOfMeasure>
            </Quantity>
            <MaterialActualProperty>
              <ID>BOMLineNumber</ID>
              <Value>
                <ValueString>0010</ValueString>
              </Value>
            </MaterialActualProperty>
            <MaterialActualProperty>
              <ID>Container Number</ID>
              <Value>
                <ValueString>SL00022874</ValueString>
              </Value>
            </MaterialActualProperty>
            <MaterialActualProperty>
              <ID>TransactionType</ID>
              <Value>
                <ValueString>GI</ValueString>
              </Value>
            </MaterialActualProperty>
            <MaterialActualProperty>
              <ID>BatchStatus</ID>
              <Value>
                <ValueString>Q</ValueString>
              </Value>
            </MaterialActualProperty>
            <MaterialActualProperty>
              <ID>PerformedBy</ID>
              <Value>
                <ValueString>xyz</ValueString>
              </Value>
            </MaterialActualProperty>
            <MaterialActualProperty>
              <ID>PerformedByDate</ID>
              <Value>
                <ValueString>2015-12-08T00:00:00Z</ValueString>
              </Value>
            </MaterialActualProperty>
            <MaterialActualProperty>
              <ID>VerifiedBy</ID>
              <Value>
                <ValueString>abc</ValueString>
              </Value>
            </MaterialActualProperty>
            <MaterialActualProperty>
              <ID>VerifiedByDate</ID>
              <Value>
                <ValueString>201512082015-12-08T00:00:00Z</ValueString>
              </Value>
            </MaterialActualProperty>
            <MaterialActualProperty>
              <ID>RequestType</ID>
              <Value>
                <ValueString>WD</ValueString>
              </Value>
            </MaterialActualProperty>
            <MaterialActualProperty>
              <ID>TransactionDate</ID>
              <Value>
                <ValueString>2015-10-02T15:19:00.000Z</ValueString>
              </Value>
            </MaterialActualProperty>
            <MaterialActualProperty>
              <ID>ERPProducedMaterialID</ID>
              <Value>
                <ValueString>test1234</ValueString>
              </Value>
            </MaterialActualProperty>
            <MaterialActualProperty>
              <ID>ERPProducedMaterialLotID</ID>
              <Value>
                <ValueString>VT001271</ValueString>
              </Value>
            </MaterialActualProperty>
          </MaterialActual>
        </SegmentResponse>
      </OperationsResponse>
    </OperationsPerformance>
  </DataArea>
</ProcessOperationsPerformance>