<ProcessOperationsPerformance releaseID="B2MML-V0600" xmlns="http://www.mesa.org/xml/B2MML-V0600" xmlns:ns="http://www.mesa.org/xml/B2MML-V0600" xmlns:xsd="http://www.w3.org/2001/XMLSchema" xmlns:xs="http://www.w3.org/2001/XMLSchema" xmlns:local="urn:local">
  <ApplicationArea>
    <Sender>
      <LogicalID>Dummy </LogicalID>
      <ReferenceID>Dummy </ReferenceID>
    </Sender>
    <Receiver>
      <LogicalID>Dummy </LogicalID>
    </Receiver>
    <CreationDateTime>2022-06-17T06:15:54Z </CreationDateTime>
  </ApplicationArea>
  <DataArea>
    <Process acknowledgeCode="Always" />
    <OperationsPerformance>
      <ID>OSC1</ID>
      <HierarchyScope>
        <EquipmentID>ce01581f-47bc-452e-8e2b-3c18b229cbee</EquipmentID>
        <EquipmentElementLevel>WorkCell</EquipmentElementLevel>
      </HierarchyScope>
      <OperationsResponse>
        <ID>OSC1</ID>
        <SegmentResponse>
          <MaterialActual>
            <MaterialActualProperty>
              <ID>PPPI_EVENT_DATE</ID>
              <Value>
                <ValueString>20210915</ValueString>
              </Value>
              <Quantity>
                <QuantityString />
                <UnitOfMeasure>DATE</UnitOfMeasure>
              </Quantity>
            </MaterialActualProperty>
          </MaterialActual>
        </SegmentResponse>
      </OperationsResponse>
      <OperationsResponse>
        <ID>OSC1</ID>
        <SegmentResponse>
          <MaterialActual>
            <MaterialActualProperty>
              <ID>PPPI_EVENT_TIME</ID>
              <Value>
                <ValueString>203700</ValueString>
              </Value>
              <Quantity>
                <QuantityString />
                <UnitOfMeasure>TIME</UnitOfMeasure>
              </Quantity>
            </MaterialActualProperty>
          </MaterialActual>
        </SegmentResponse>
      </OperationsResponse>
      <OperationsResponse>
        <ID>OSC1</ID>
        <SegmentResponse>
          <MaterialActual>
            <MaterialActualProperty>
              <ID>PPPI_PROCESS_ORDER</ID>
              <Value>
                <ValueString>GC6886</ValueString>
              </Value>
              <Quantity>
                <QuantityString />
                <UnitOfMeasure>CHAR</UnitOfMeasure>
              </Quantity>
            </MaterialActualProperty>
          </MaterialActual>
        </SegmentResponse>
      </OperationsResponse>
      <OperationsResponse>
        <ID>OSC1</ID>
        <SegmentResponse>
          <MaterialActual>
            <MaterialActualProperty>
              <ID>PPPI_PHASE</ID>
              <Value>
                <ValueString>0060</ValueString>
              </Value>
              <Quantity>
                <QuantityString />
                <UnitOfMeasure>CHAR</UnitOfMeasure>
              </Quantity>
            </MaterialActualProperty>
          </MaterialActual>
        </SegmentResponse>
      </OperationsResponse>
      <OperationsResponse>
        <ID>OSC1</ID>
        <SegmentResponse>
          <MaterialActual>
            <MaterialActualProperty>
              <ID>PPPI_STATUS_CONFIRMED</ID>
              <Value>
                <ValueString>00002</ValueString>
              </Value>
              <Quantity>
                <QuantityString />
                <UnitOfMeasure>CHAR</UnitOfMeasure>
              </Quantity>
            </MaterialActualProperty>
          </MaterialActual>
        </SegmentResponse>
      </OperationsResponse>
      <OperationsResponse>
        <ID>OSC1</ID>
        <SegmentResponse>
          <MaterialActual>
            <MaterialActualProperty>
              <ID>PPPI_CLEAR_RESERVATIONS</ID>
              <Value>
                <ValueString>X</ValueString>
              </Value>
              <Quantity>
                <QuantityString />
                <UnitOfMeasure>CHAR</UnitOfMeasure>
              </Quantity>
            </MaterialActualProperty>
          </MaterialActual>
        </SegmentResponse>
      </OperationsResponse>
      <OperationsResponse>
        <ID>OSC1</ID>
        <SegmentResponse>
          <MaterialActual>
            <MaterialActualProperty>
              <ID>PPPI_CONFIRMATION_SHORT_TEXT</ID>
              <Value>
                <ValueString>Phase 0060 (Reactor 'A' (DC-312) Phase)</ValueString>
              </Value>
              <Quantity>
                <QuantityString />
                <UnitOfMeasure>CHAR</UnitOfMeasure>
              </Quantity>
            </MaterialActualProperty>
          </MaterialActual>
        </SegmentResponse>
      </OperationsResponse>
      <OperationsResponse>
        <ID>OSC1</ID>
        <SegmentResponse>
          <MaterialActual>
            <MaterialActualProperty>
              <ID>PPPI_YIELD_TO_CONFIRM</ID>
              <Value>
                <ValueString>545.710</ValueString>
              </Value>
              <Quantity>
                <QuantityString />
                <UnitOfMeasure>NUM</UnitOfMeasure>
              </Quantity>
            </MaterialActualProperty>
          </MaterialActual>
        </SegmentResponse>
      </OperationsResponse>
      <OperationsResponse>
        <ID>OSC1</ID>
        <SegmentResponse>
          <MaterialActual>
            <MaterialActualProperty>
              <ID>PPPI_UNIT_OF_MEASURE</ID>
              <Value>
                <ValueString>KG</ValueString>
              </Value>
              <Quantity>
                <QuantityString />
                <UnitOfMeasure>CHAR</UnitOfMeasure>
              </Quantity>
            </MaterialActualProperty>
          </MaterialActual>
        </SegmentResponse>
      </OperationsResponse>
      <OperationsResponse>
        <ID>OSC1</ID>
        <SegmentResponse>
          <MaterialActual>
            <MaterialActualProperty>
              <ID>PPPI_START_DATE</ID>
              <Value>
                <ValueString>20210915</ValueString>
              </Value>
              <Quantity>
                <QuantityString />
                <UnitOfMeasure>DATE</UnitOfMeasure>
              </Quantity>
            </MaterialActualProperty>
          </MaterialActual>
        </SegmentResponse>
      </OperationsResponse>
      <OperationsResponse>
        <ID>OSC1</ID>
        <SegmentResponse>
          <MaterialActual>
            <MaterialActualProperty>
              <ID>PPPI_START_TIME</ID>
              <Value>
                <ValueString>202600</ValueString>
              </Value>
              <Quantity>
                <QuantityString />
                <UnitOfMeasure>TIME</UnitOfMeasure>
              </Quantity>
            </MaterialActualProperty>
          </MaterialActual>
        </SegmentResponse>
      </OperationsResponse>
    </OperationsPerformance>
  </DataArea>
</ProcessOperationsPerformance>